Synthesizing design: protocol_controller.sv
dc_shell-t -x "source -echo do_mapping.tcl"
                                        
                           Design Compiler Graphical 
                                 DC Ultra (TM)
                                  DFTMAX (TM)
                              Power Compiler (TM)
                                 DesignWare (R)
                                 DC Expert (TM)
                               Design Vision (TM)
                               HDL Compiler (TM)
                               VHDL Compiler (TM)
                                  DFT Compiler
                               Design Compiler(R)
                                        
               Version K-2015.06-SP1 for linux64 - Jul 21, 2015 
                                        
                    Copyright (c) 1988 - 2015 Synopsys, Inc.
   This software and the associated documentation are proprietary to Synopsys,
 Inc. This software may only be used in accordance with the terms and conditions
 of a written license agreement with Synopsys, Inc. All other use, reproduction,
            or distribution of this software is strictly prohibited.
Initializing...
# Step 1:  Read in the source file
analyze -format sverilog -lib WORK { protocol_controller.sv}
Running PRESTO HDLC
Compiling source file ./source/protocol_controller.sv
Presto compilation completed successfully.
Loading db file '/package/eda/cells/OSU/v2.7/synopsys/lib/ami05/osu05_stdcells.db'
Loading db file '/package/eda/synopsys/syn-K-2015.06-SP1/libraries/syn/dw_foundation.sldb'
elaborate protocol_controller -lib WORK
Loading db file '/package/eda/synopsys/syn-K-2015.06-SP1/libraries/syn/gtech.db'
Loading db file '/package/eda/synopsys/syn-K-2015.06-SP1/libraries/syn/standard.sldb'
  Loading link library 'osu05_stdcells'
  Loading link library 'gtech'
Running PRESTO HDLC

Statistics for case statements in always block at line 89 in file
	'./source/protocol_controller.sv'
===============================================
|           Line           |  full/ parallel  |
===============================================
|            92            |     no/auto      |
===============================================

Statistics for case statements in always block at line 233 in file
	'./source/protocol_controller.sv'
===============================================
|           Line           |  full/ parallel  |
===============================================
|           244            |     no/auto      |
===============================================

Inferred memory devices in process
	in routine protocol_controller line 80 in file
		'./source/protocol_controller.sv'.
===============================================================================
|    Register Name    |   Type    | Width | Bus | MB | AR | AS | SR | SS | ST |
===============================================================================
|       PS_reg        | Flip-flop |   5   |  Y  | N  | Y  | N  | N  | N  | N  |
===============================================================================

Inferred memory devices in process
	in routine protocol_controller line 208 in file
		'./source/protocol_controller.sv'.
==================================================================================
|     Register Name      |   Type    | Width | Bus | MB | AR | AS | SR | SS | ST |
==================================================================================
|       d_mode_reg       | Flip-flop |   1   |  N  | N  | Y  | N  | N  | N  | N  |
|   rx_data_ready_reg    | Flip-flop |   1   |  N  | N  | Y  | N  | N  | N  | N  |
| rx_transfer_active_reg | Flip-flop |   1   |  N  | N  | Y  | N  | N  | N  | N  |
|      rx_error_reg      | Flip-flop |   1   |  N  | N  | Y  | N  | N  | N  | N  |
| tx_transfer_active_reg | Flip-flop |   1   |  N  | N  | Y  | N  | N  | N  | N  |
|      tx_error_reg      | Flip-flop |   1   |  N  | N  | Y  | N  | N  | N  | N  |
|       clear_reg        | Flip-flop |   1   |  N  | N  | Y  | N  | N  | N  | N  |
|     tx_packet_reg      | Flip-flop |   2   |  Y  | N  | Y  | N  | N  | N  | N  |
==================================================================================
Presto compilation completed successfully.
Elaborated 1 design.
Current design is now 'protocol_controller'.
uniquify
# Step 2: Set design constraints
# Uncomment below to set timing, area, power, etc. constraints
# set_max_delay <delay> -from "<input>" -to "<output>"
# set_max_area <area>
# set_max_total_power <power> mW
# Step 3: Compile the design
compile -map_effort medium
Information: Checking out the license 'DesignWare'. (SEC-104)
Information: Evaluating DesignWare library utilization. (UISN-27)

============================================================================
| DesignWare Building Block Library  |         Version         | Available |
============================================================================
| Basic DW Building Blocks           | K-2015.06-DWBB_201506.1 |     *     |
| Licensed DW Building Blocks        | K-2015.06-DWBB_201506.1 |     *     |
============================================================================


Information: There are 1 potential problems in your design. Please run 'check_design' for more information. (LINT-99)



  Beginning Pass 1 Mapping
  ------------------------
  Processing 'protocol_controller'

  Updating timing information
Information: Updating design information... (UID-85)
Information: Design 'protocol_controller' has no optimization constraints set. (OPT-108)

  Beginning Implementation Selection
  ----------------------------------
  Processing 'protocol_controller_DW01_cmp6_0'

  Beginning Mapping Optimizations  (Medium effort)
  -------------------------------
  Structuring 'protocol_controller'
  Mapping 'protocol_controller'

                                  TOTAL                                      
   ELAPSED            WORST NEG   SETUP    DESIGN                            
    TIME      AREA      SLACK     COST    RULE COST         ENDPOINT         
  --------- --------- --------- --------- --------- -------------------------
    0:00:01   84204.0      0.00       0.0       0.0                          
    0:00:01   84204.0      0.00       0.0       0.0                          
    0:00:01   84204.0      0.00       0.0       0.0                          
    0:00:01   84204.0      0.00       0.0       0.0                          
    0:00:01   84204.0      0.00       0.0       0.0                          
    0:00:01   84204.0      0.00       0.0       0.0                          
    0:00:01   84204.0      0.00       0.0       0.0                          
    0:00:01   84204.0      0.00       0.0       0.0                          
    0:00:01   84204.0      0.00       0.0       0.0                          
    0:00:01   84204.0      0.00       0.0       0.0                          
    0:00:01   84204.0      0.00       0.0       0.0                          
    0:00:01   84204.0      0.00       0.0       0.0                          



  Beginning Delay Optimization Phase
  ----------------------------------

                                  TOTAL                                      
   ELAPSED            WORST NEG   SETUP    DESIGN                            
    TIME      AREA      SLACK     COST    RULE COST         ENDPOINT         
  --------- --------- --------- --------- --------- -------------------------
    0:00:01   84204.0      0.00       0.0       0.0                          
    0:00:01   84204.0      0.00       0.0       0.0                          
    0:00:01   84204.0      0.00       0.0       0.0                          


  Beginning Area-Recovery Phase  (cleanup)
  -----------------------------

                                  TOTAL                                      
   ELAPSED            WORST NEG   SETUP    DESIGN                            
    TIME      AREA      SLACK     COST    RULE COST         ENDPOINT         
  --------- --------- --------- --------- --------- -------------------------
    0:00:01   84204.0      0.00       0.0       0.0                          
    0:00:01   84204.0      0.00       0.0       0.0                          
    0:00:01   83052.0      0.00       0.0       0.0                          
    0:00:01   82908.0      0.00       0.0       0.0                          
    0:00:01   82908.0      0.00       0.0       0.0                          
    0:00:01   82908.0      0.00       0.0       0.0                          
    0:00:01   82908.0      0.00       0.0       0.0                          
    0:00:01   82908.0      0.00       0.0       0.0                          
    0:00:01   82908.0      0.00       0.0       0.0                          
    0:00:01   82908.0      0.00       0.0       0.0                          
    0:00:01   82908.0      0.00       0.0       0.0                          
    0:00:01   82908.0      0.00       0.0       0.0                          
    0:00:01   82908.0      0.00       0.0       0.0                          
Loading db file '/package/eda/cells/OSU/v2.7/synopsys/lib/ami05/osu05_stdcells.db'


Note: Symbol # after min delay cost means estimated hold TNS across all active scenarios 


  Optimization Complete
  ---------------------
# Step 4: Output reports
report_timing -path full -delay max -max_paths 1 -nworst 1 > reports/protocol_controller.rep
report_area >> reports/protocol_controller.rep
report_power -hier >> reports/protocol_controller.rep
# Step 5: Output final VHDL and Verilog files
write_file -format verilog -hierarchy -output "mapped/protocol_controller.v"
Writing verilog file '/home/ecegrid/a/mg133/ece337/CDL/ece337_CDL/mapped/protocol_controller.v'.
echo "\nScript Done\n"

Script Done

echo "\nChecking Design\n"

Checking Design

check_design
quit

Thank you...
Done


